build/outputs/logs/manifest-merger-debug-report.txt
-- Merging decision tree log ---
manifest
ADDED from gongzhongban_tv_launcher\TvLauncher\AndroidManifest.xml:2:1-107:12
	package
		ADDED from gongzhongban_tv_launcher\TvLauncher\AndroidManifest.xml:3:5-25
	android:versionName
		ADDED from gongzhongban_tv_launcher\TvLauncher\AndroidManifest.xml:5:5-33
		INJECTED from gongzhongban_tv_launcher\TvLauncher\AndroidManifest.xml
		INJECTED from gongzhongban_tv_launcher\TvLauncher\AndroidManifest.xml
	android:versionCode
		ADDED from gongzhongban_tv_launcher\TvLauncher\AndroidManifest.xml:4:5-28
		INJECTED from gongzhongban_tv_launcher\TvLauncher\AndroidManifest.xml
		INJECTED from gongzhongban_tv_launcher\TvLauncher\AndroidManifest.xml
	xmlns:android
		ADDED from gongzhongban_tv_launcher\TvLauncher\AndroidManifest.xml:2:11-69
uses-sdk
ADDED from gongzhongban_tv_launcher\TvLauncher\AndroidManifest.xml:7:5-9:41
	android:targetSdkVersion
		ADDED from gongzhongban_tv_launcher\TvLauncher\AndroidManifest.xml:9:9-38
	android:minSdkVersion
		ADDED from gongzhongban_tv_launcher\TvLauncher\AndroidManifest.xml:8:9-35
uses-permission#android.permission.MOUNT_UNMOUNT_FILESYSTEMS
ADDED from gongzhongban_tv_launcher\TvLauncher\AndroidManifest.xml:12:5-84
	android:name
		ADDED from gongzhongban_tv_launcher\TvLauncher\AndroidManifest.xml:12:22-81
uses-permission#android.permission.WRITE_EXTERNAL_STORAGE
ADDED from gongzhongban_tv_launcher\TvLauncher\AndroidManifest.xml:14:5-81
	android:name
		ADDED from gongzhongban_tv_launcher\TvLauncher\AndroidManifest.xml:14:22-78
uses-permission#android.permission.READ_EXTERNAL_STORAGE
ADDED from gongzhongban_tv_launcher\TvLauncher\AndroidManifest.xml:16:5-80
	android:name
		ADDED from gongzhongban_tv_launcher\TvLauncher\AndroidManifest.xml:16:22-77
uses-permission#android.permission.DISABLE_KEYGUARD
ADDED from gongzhongban_tv_launcher\TvLauncher\AndroidManifest.xml:18:5-75
	android:name
		ADDED from gongzhongban_tv_launcher\TvLauncher\AndroidManifest.xml:18:22-72
uses-permission#android.permission.INTERNET
ADDED from gongzhongban_tv_launcher\TvLauncher\AndroidManifest.xml:19:5-67
	android:name
		ADDED from gongzhongban_tv_launcher\TvLauncher\AndroidManifest.xml:19:22-64
uses-permission#android.permission.ACCESS_NETWORK_STATE
ADDED from gongzhongban_tv_launcher\TvLauncher\AndroidManifest.xml:20:5-79
	android:name
		ADDED from gongzhongban_tv_launcher\TvLauncher\AndroidManifest.xml:20:22-76
uses-permission#android.permission.READ_PHONE_STATE
ADDED from gongzhongban_tv_launcher\TvLauncher\AndroidManifest.xml:22:5-75
	android:name
		ADDED from gongzhongban_tv_launcher\TvLauncher\AndroidManifest.xml:22:22-72
application
ADDED from gongzhongban_tv_launcher\TvLauncher\AndroidManifest.xml:24:5-105:19
	android:label
		ADDED from gongzhongban_tv_launcher\TvLauncher\AndroidManifest.xml:28:9-41
	android:allowBackup
		ADDED from gongzhongban_tv_launcher\TvLauncher\AndroidManifest.xml:26:9-35
	android:icon
		ADDED from gongzhongban_tv_launcher\TvLauncher\AndroidManifest.xml:27:9-45
	android:theme
		ADDED from gongzhongban_tv_launcher\TvLauncher\AndroidManifest.xml:29:9-41
	android:name
		ADDED from gongzhongban_tv_launcher\TvLauncher\AndroidManifest.xml:25:9-57
activity#com.kxy.tl.activity.MainActivity
ADDED from gongzhongban_tv_launcher\TvLauncher\AndroidManifest.xml:34:9-50:20
	android:clearTaskOnLaunch
		ADDED from gongzhongban_tv_launcher\TvLauncher\AndroidManifest.xml:36:13-45
	android:screenOrientation
		ADDED from gongzhongban_tv_launcher\TvLauncher\AndroidManifest.xml:40:13-50
	android:label
		ADDED from gongzhongban_tv_launcher\TvLauncher\AndroidManifest.xml:38:13-45
	android:stateNotNeeded
		ADDED from gongzhongban_tv_launcher\TvLauncher\AndroidManifest.xml:41:13-42
	android:launchMode
		ADDED from gongzhongban_tv_launcher\TvLauncher\AndroidManifest.xml:39:13-44
	android:windowSoftInputMode
		ADDED from gongzhongban_tv_launcher\TvLauncher\AndroidManifest.xml:42:13-77
	android:configChanges
		ADDED from gongzhongban_tv_launcher\TvLauncher\AndroidManifest.xml:37:13-63
	android:name
		ADDED from gongzhongban_tv_launcher\TvLauncher\AndroidManifest.xml:35:13-50
intent-filter#android.intent.action.MAIN+android.intent.category.DEFAULT+android.intent.category.HOME+android.intent.category.LAUNCHER
ADDED from gongzhongban_tv_launcher\TvLauncher\AndroidManifest.xml:43:13-49:29
action#android.intent.action.MAIN
ADDED from gongzhongban_tv_launcher\TvLauncher\AndroidManifest.xml:44:17-69
	android:name
		ADDED from gongzhongban_tv_launcher\TvLauncher\AndroidManifest.xml:44:25-66
category#android.intent.category.LAUNCHER
ADDED from gongzhongban_tv_launcher\TvLauncher\AndroidManifest.xml:46:17-77
	android:name
		ADDED from gongzhongban_tv_launcher\TvLauncher\AndroidManifest.xml:46:27-74
category#android.intent.category.HOME
ADDED from gongzhongban_tv_launcher\TvLauncher\AndroidManifest.xml:47:17-73
	android:name
		ADDED from gongzhongban_tv_launcher\TvLauncher\AndroidManifest.xml:47:27-70
category#android.intent.category.DEFAULT
ADDED from gongzhongban_tv_launcher\TvLauncher\AndroidManifest.xml:48:17-76
	android:name
		ADDED from gongzhongban_tv_launcher\TvLauncher\AndroidManifest.xml:48:27-73
activity#com.kxy.tl.activity.VideoSurfaceActivity
ADDED from gongzhongban_tv_launcher\TvLauncher\AndroidManifest.xml:52:9-57:80
	android:screenOrientation
		ADDED from gongzhongban_tv_launcher\TvLauncher\AndroidManifest.xml:56:13-50
	android:launchMode
		ADDED from gongzhongban_tv_launcher\TvLauncher\AndroidManifest.xml:55:13-43
	android:windowSoftInputMode
		ADDED from gongzhongban_tv_launcher\TvLauncher\AndroidManifest.xml:57:13-77
	android:configChanges
		ADDED from gongzhongban_tv_launcher\TvLauncher\AndroidManifest.xml:54:13-63
	android:name
		ADDED from gongzhongban_tv_launcher\TvLauncher\AndroidManifest.xml:53:13-58
activity#com.kxy.tl.activity.TupianActivity
ADDED from gongzhongban_tv_launcher\TvLauncher\AndroidManifest.xml:59:9-64:80
	android:screenOrientation
		ADDED from gongzhongban_tv_launcher\TvLauncher\AndroidManifest.xml:63:13-50
	android:launchMode
		ADDED from gongzhongban_tv_launcher\TvLauncher\AndroidManifest.xml:62:13-43
	android:windowSoftInputMode
		ADDED from gongzhongban_tv_launcher\TvLauncher\AndroidManifest.xml:64:13-77
	android:configChanges
		ADDED from gongzhongban_tv_launcher\TvLauncher\AndroidManifest.xml:61:13-63
	android:name
		ADDED from gongzhongban_tv_launcher\TvLauncher\AndroidManifest.xml:60:13-52
activity#com.kxy.tl.activity.NotifyActivity
ADDED from gongzhongban_tv_launcher\TvLauncher\AndroidManifest.xml:66:9-72:80
	android:screenOrientation
		ADDED from gongzhongban_tv_launcher\TvLauncher\AndroidManifest.xml:70:13-50
	android:stateNotNeeded
		ADDED from gongzhongban_tv_launcher\TvLauncher\AndroidManifest.xml:71:13-42
	android:launchMode
		ADDED from gongzhongban_tv_launcher\TvLauncher\AndroidManifest.xml:69:13-43
	android:windowSoftInputMode
		ADDED from gongzhongban_tv_launcher\TvLauncher\AndroidManifest.xml:72:13-77
	android:configChanges
		ADDED from gongzhongban_tv_launcher\TvLauncher\AndroidManifest.xml:68:13-63
	android:name
		ADDED from gongzhongban_tv_launcher\TvLauncher\AndroidManifest.xml:67:13-52
activity#com.kxy.tl.activity.AuthActivity
ADDED from gongzhongban_tv_launcher\TvLauncher\AndroidManifest.xml:74:9-79:20
	android:screenOrientation
		ADDED from gongzhongban_tv_launcher\TvLauncher\AndroidManifest.xml:77:13-50
	android:launchMode
		ADDED from gongzhongban_tv_launcher\TvLauncher\AndroidManifest.xml:76:13-43
	android:windowSoftInputMode
		ADDED from gongzhongban_tv_launcher\TvLauncher\AndroidManifest.xml:78:13-77
	android:configChanges
		ADDED from gongzhongban_tv_launcher\TvLauncher\AndroidManifest.xml:75:13-63
	android:name
		ADDED from gongzhongban_tv_launcher\TvLauncher\AndroidManifest.xml:74:19-66
service#com.kxy.tl.download.DownLoadService
ADDED from gongzhongban_tv_launcher\TvLauncher\AndroidManifest.xml:81:9-83:40
	android:exported
		ADDED from gongzhongban_tv_launcher\TvLauncher\AndroidManifest.xml:83:13-37
	android:name
		ADDED from gongzhongban_tv_launcher\TvLauncher\AndroidManifest.xml:82:13-53
receiver#com.vunke.tl.receiver.ConnectionChangeReceiver
ADDED from gongzhongban_tv_launcher\TvLauncher\AndroidManifest.xml:85:9-89:20
	android:name
		ADDED from gongzhongban_tv_launcher\TvLauncher\AndroidManifest.xml:85:19-80
intent-filter#android.net.conn.CONNECTIVITY_CHANGE
ADDED from gongzhongban_tv_launcher\TvLauncher\AndroidManifest.xml:86:13-88:29
action#android.net.conn.CONNECTIVITY_CHANGE
ADDED from gongzhongban_tv_launcher\TvLauncher\AndroidManifest.xml:87:17-79
	android:name
		ADDED from gongzhongban_tv_launcher\TvLauncher\AndroidManifest.xml:87:25-76
service#com.vunke.tl.service.NotifyService
ADDED from gongzhongban_tv_launcher\TvLauncher\AndroidManifest.xml:91:9-70
	android:name
		ADDED from gongzhongban_tv_launcher\TvLauncher\AndroidManifest.xml:91:18-67
provider#com.vunke.tl.auth.UserGroupInfoProvider
ADDED from gongzhongban_tv_launcher\TvLauncher\AndroidManifest.xml:93:9-97:43
	android:authorities
		ADDED from gongzhongban_tv_launcher\TvLauncher\AndroidManifest.xml:95:13-64
	android:multiprocess
		ADDED from gongzhongban_tv_launcher\TvLauncher\AndroidManifest.xml:97:13-40
	android:exported
		ADDED from gongzhongban_tv_launcher\TvLauncher\AndroidManifest.xml:96:13-36
	android:name
		ADDED from gongzhongban_tv_launcher\TvLauncher\AndroidManifest.xml:94:13-67
provider#com.vunke.tl.service.GroupStrategyProvide
ADDED from gongzhongban_tv_launcher\TvLauncher\AndroidManifest.xml:98:9-102:40
	android:authorities
		ADDED from gongzhongban_tv_launcher\TvLauncher\AndroidManifest.xml:100:13-65
	android:enabled
		ADDED from gongzhongban_tv_launcher\TvLauncher\AndroidManifest.xml:101:13-35
	android:exported
		ADDED from gongzhongban_tv_launcher\TvLauncher\AndroidManifest.xml:102:13-37
	android:name
		ADDED from gongzhongban_tv_launcher\TvLauncher\AndroidManifest.xml:99:13-69